App 31203 output: Agritech app Started on port 3000!
App 31203 output: Connected!
App 31203 output: [0mGET /indeximages/poster3.jpg [31m500 [0m1.743 ms - 1162[0m
App 31203 output: 2
App 31203 output: connected
App 31203 output: connected
App 31203 output: /home/tecozk/check.intellefarm.com/appv2/node_modules/mysql/lib/protocol/Parser.js:437
App 31203 output:       throw err; // Rethrow non-MySQL errors
App 31203 output:       ^
App 31203 output: TypeError: Cannot read property 'length' of undefined
App 31203 output:     at Query.<anonymous> (/home/tecozk/check.intellefarm.com/appv2/app.js:706:34)
App 31203 output:     at Query.<anonymous> (/home/tecozk/check.intellefarm.com/appv2/node_modules/mysql/lib/Connection.js:526:10)
App 31203 output:     at Query._callback (/home/tecozk/check.intellefarm.com/appv2/node_modules/mysql/lib/Connection.js:488:16)
App 31203 output:     at Query.Sequence.end (/home/tecozk/check.intellefarm.com/appv2/node_modules/mysql/lib/protocol/sequences/Sequence.js:83:24)
App 31203 output:     at Query.ErrorPacket (/home/tecozk/check.intellefarm.com/appv2/node_modules/mysql/lib/protocol/sequences/Query.js:92:8)
App 31203 output:     at Protocol._parsePacket (/home/tecozk/check.intellefarm.com/appv2/node_modules/mysql/lib/protocol/Protocol.js:291:23)
App 31203 output:     at Parser._parsePacket (/home/tecozk/check.intellefarm.com/appv2/node_modules/mysql/lib/protocol/Parser.js:433:10)
App 31203 output:     at Parser.write (/home/tecozk/check.intellefarm.com/appv2/node_modules/mysql/lib/protocol/Parser.js:43:10)
App 31203 output:     at Protocol.write (/home/tecozk/check.intellefarm.com/appv2/node_modules/mysql/lib/protocol/Protocol.js:38:16)
App 31203 output:     at Socket.<anonymous> (/home/tecozk/check.intellefarm.com/appv2/node_modules/mysql/lib/Connection.js:88:28)
App 31605 output: Agritech app Started on port 3000!
App 31605 output: Connected!
App 31605 output: [0mGET /favicon.ico [31m500 [0m9.320 ms - 1162[0m
App 31605 output: 2
App 31605 output: connected
App 31605 output: connected
App 31605 output: /home/tecozk/check.intellefarm.com/appv2/node_modules/mysql/lib/protocol/Parser.js:437
App 31605 output:       throw err; // Rethrow non-MySQL errors
App 31605 output:       ^
App 31605 output: TypeError: Cannot read property 'length' of undefined
App 31605 output:     at Query.<anonymous> (/home/tecozk/check.intellefarm.com/appv2/app.js:706:34)
App 31605 output:     at Query.<anonymous> (/home/tecozk/check.intellefarm.com/appv2/node_modules/mysql/lib/Connection.js:526:10)
App 31605 output:     at Query._callback (/home/tecozk/check.intellefarm.com/appv2/node_modules/mysql/lib/Connection.js:488:16)
App 31605 output:     at Query.Sequence.end (/home/tecozk/check.intellefarm.com/appv2/node_modules/mysql/lib/protocol/sequences/Sequence.js:83:24)
App 31605 output:     at Query.ErrorPacket (/home/tecozk/check.intellefarm.com/appv2/node_modules/mysql/lib/protocol/sequences/Query.js:92:8)
App 31605 output:     at Protocol._parsePacket (/home/tecozk/check.intellefarm.com/appv2/node_modules/mysql/lib/protocol/Protocol.js:291:23)
App 31605 output:     at Parser._parsePacket (/home/tecozk/check.intellefarm.com/appv2/node_modules/mysql/lib/protocol/Parser.js:433:10)
App 31605 output:     at Parser.write (/home/tecozk/check.intellefarm.com/appv2/node_modules/mysql/lib/protocol/Parser.js:43:10)
App 31605 output:     at Protocol.write (/home/tecozk/check.intellefarm.com/appv2/node_modules/mysql/lib/protocol/Protocol.js:38:16)
App 31605 output:     at Socket.<anonymous> (/home/tecozk/check.intellefarm.com/appv2/node_modules/mysql/lib/Connection.js:88:28)
App 31941 output: Agritech app Started on port 3000!
App 31941 output: Connected!
App 31941 output: [0mGET /favicon.ico [31m500 [0m7.286 ms - 1162[0m
App 479 output: Agritech app Started on port 3000!
App 479 output: Connected!
App 479 output: [0mGET /indeximages/poster3.jpg [31m500 [0m2.906 ms - 1162[0m
App 479 output: 2
App 479 output: connected
App 479 output: connected
App 479 output: /home/tecozk/check.intellefarm.com/appv2/node_modules/mysql/lib/protocol/Parser.js:437
App 479 output:       throw err; // Rethrow non-MySQL errors
App 479 output:       ^
App 479 output: TypeError: Cannot read property 'length' of undefined
App 479 output:     at Query.<anonymous> (/home/tecozk/check.intellefarm.com/appv2/app.js:706:34)
App 479 output:     at Query.<anonymous> (/home/tecozk/check.intellefarm.com/appv2/node_modules/mysql/lib/Connection.js:526:10)
App 479 output:     at Query._callback (/home/tecozk/check.intellefarm.com/appv2/node_modules/mysql/lib/Connection.js:488:16)
App 479 output:     at Query.Sequence.end (/home/tecozk/check.intellefarm.com/appv2/node_modules/mysql/lib/protocol/sequences/Sequence.js:83:24)
App 479 output:     at Query.ErrorPacket (/home/tecozk/check.intellefarm.com/appv2/node_modules/mysql/lib/protocol/sequences/Query.js:92:8)
App 479 output:     at Protocol._parsePacket (/home/tecozk/check.intellefarm.com/appv2/node_modules/mysql/lib/protocol/Protocol.js:291:23)
App 479 output:     at Parser._parsePacket (/home/tecozk/check.intellefarm.com/appv2/node_modules/mysql/lib/protocol/Parser.js:433:10)
App 479 output:     at Parser.write (/home/tecozk/check.intellefarm.com/appv2/node_modules/mysql/lib/protocol/Parser.js:43:10)
App 479 output:     at Protocol.write (/home/tecozk/check.intellefarm.com/appv2/node_modules/mysql/lib/protocol/Protocol.js:38:16)
App 479 output:     at Socket.<anonymous> (/home/tecozk/check.intellefarm.com/appv2/node_modules/mysql/lib/Connection.js:88:28)
App 756 output: Agritech app Started on port 3000!
App 756 output: Connected!
